<?xml version="1.0" encoding="UTF-8"?>
<!-- Generated by org.testng.reporters.JUnitReportReporter -->
<testsuite hostname="BRTLAP0195" failures="0" tests="1" name="Datadriven.Annot" time="7.786" errors="0" timestamp="11 Dec 2018 09:11:34 GMT" skipped="0">
  <testcase classname="Datadriven.Annot" name="Login" time="7.786"/>
</testsuite> <!-- Datadriven.Annot -->
